<?xml version="1.0" encoding="UTF-8"?>
<!-- Generated by org.testng.reporters.JUnitReportReporter -->
<testsuite hostname="AKKYU01-5520" name="com.qa.rest.tests.getWeatherDetailsTests" tests="1" failures="0" timestamp="22 Sep 2018 16:31:36 GMT" time="2.765" errors="0">
  <testcase name="getWeatherDetails" time="2.765" classname="com.qa.rest.tests.getWeatherDetailsTests"/>
</testsuite> <!-- com.qa.rest.tests.getWeatherDetailsTests -->
